<?xml version="1.0"?>
<!DOCTYPE coverage SYSTEM "http://cobertura.sourceforge.net/xml/coverage-04.dtd">

<coverage line-rate="0.7391304347826086" branch-rate="1.0" lines-covered="34" lines-valid="46" branches-covered="0" branches-valid="0" complexity="1.0" version="2.1.1" timestamp="1567373285273">
	<sources>
		<source>C:/Users/ALISON/workspace/MavenProjectOne/src/main/java</source>
		<source>--source</source>
	</sources>
	<packages>
		<package name="constants" line-rate="0.7391304347826086" branch-rate="1.0" complexity="1.0">
			<classes>
				<class name="constants.GlobalConstants" filename="constants/GlobalConstants.java" line-rate="0.26666666666666666" branch-rate="1.0" complexity="1.0">
					<methods>
						<method name="&lt;clinit&gt;" signature="()V" line-rate="1.0" branch-rate="1.0" complexity="0">
							<lines>
								<line number="19" hits="16" branch="false"/>
								<line number="21" hits="16" branch="false"/>
								<line number="23" hits="16" branch="false"/>
							</lines>
						</method>
						<method name="&lt;init&gt;" signature="()V" line-rate="0.0" branch-rate="1.0" complexity="0">
							<lines>
								<line number="3" hits="0" branch="false"/>
							</lines>
						</method>
						<method name="getBrowserType" signature="()Ljava/lang/String;" line-rate="0.0" branch-rate="1.0" complexity="0">
							<lines>
								<line number="62" hits="0" branch="false"/>
							</lines>
						</method>
						<method name="getChromeWebDriverPath" signature="()Ljava/lang/String;" line-rate="0.0" branch-rate="1.0" complexity="0">
							<lines>
								<line number="47" hits="0" branch="false"/>
							</lines>
						</method>
						<method name="getChromeWebDriverSystemProperty" signature="()Ljava/lang/String;" line-rate="0.0" branch-rate="1.0" complexity="0">
							<lines>
								<line number="42" hits="0" branch="false"/>
							</lines>
						</method>
						<method name="getDataSheetName" signature="()Ljava/lang/String;" line-rate="0.0" branch-rate="1.0" complexity="0">
							<lines>
								<line number="70" hits="0" branch="false"/>
							</lines>
						</method>
						<method name="getEdurekaURL" signature="()Ljava/lang/String;" line-rate="1.0" branch-rate="1.0" complexity="0">
							<lines>
								<line number="27" hits="16" branch="false"/>
							</lines>
						</method>
						<method name="getGeckoDriverSystemProperty" signature="()Ljava/lang/String;" line-rate="0.0" branch-rate="1.0" complexity="0">
							<lines>
								<line number="57" hits="0" branch="false"/>
							</lines>
						</method>
						<method name="getGeckoWebDriverPath" signature="()Ljava/lang/String;" line-rate="0.0" branch-rate="1.0" complexity="0">
							<lines>
								<line number="52" hits="0" branch="false"/>
							</lines>
						</method>
						<method name="getSheetName" signature="()Ljava/lang/String;" line-rate="0.0" branch-rate="1.0" complexity="0">
							<lines>
								<line number="66" hits="0" branch="false"/>
							</lines>
						</method>
						<method name="getTestDataPath" signature="()Ljava/lang/String;" line-rate="0.0" branch-rate="1.0" complexity="0">
							<lines>
								<line number="37" hits="0" branch="false"/>
							</lines>
						</method>
						<method name="getTestDataPathModule10" signature="()Ljava/lang/String;" line-rate="0.0" branch-rate="1.0" complexity="0">
							<lines>
								<line number="32" hits="0" branch="false"/>
							</lines>
						</method>
						<method name="getTestResultsSheetName" signature="()Ljava/lang/String;" line-rate="0.0" branch-rate="1.0" complexity="0">
							<lines>
								<line number="75" hits="0" branch="false"/>
							</lines>
						</method>
					</methods>
					<lines>
						<line number="3" hits="0" branch="false"/>
						<line number="19" hits="16" branch="false"/>
						<line number="21" hits="16" branch="false"/>
						<line number="23" hits="16" branch="false"/>
						<line number="27" hits="16" branch="false"/>
						<line number="32" hits="0" branch="false"/>
						<line number="37" hits="0" branch="false"/>
						<line number="42" hits="0" branch="false"/>
						<line number="47" hits="0" branch="false"/>
						<line number="52" hits="0" branch="false"/>
						<line number="57" hits="0" branch="false"/>
						<line number="62" hits="0" branch="false"/>
						<line number="66" hits="0" branch="false"/>
						<line number="70" hits="0" branch="false"/>
						<line number="75" hits="0" branch="false"/>
					</lines>
				</class>
				<class name="constants.LocatorValues" filename="constants/LocatorValues.java" line-rate="0.967741935483871" branch-rate="1.0" complexity="0.0">
					<methods>
						<method name="&lt;clinit&gt;" signature="()V" line-rate="1.0" branch-rate="1.0" complexity="0">
							<lines>
								<line number="17" hits="8" branch="false"/>
								<line number="21" hits="8" branch="false"/>
								<line number="23" hits="8" branch="false"/>
								<line number="25" hits="8" branch="false"/>
								<line number="30" hits="8" branch="false"/>
								<line number="32" hits="8" branch="false"/>
								<line number="34" hits="8" branch="false"/>
								<line number="36" hits="8" branch="false"/>
								<line number="38" hits="8" branch="false"/>
								<line number="42" hits="8" branch="false"/>
								<line number="46" hits="8" branch="false"/>
								<line number="50" hits="8" branch="false"/>
								<line number="54" hits="8" branch="false"/>
								<line number="62" hits="8" branch="false"/>
								<line number="66" hits="8" branch="false"/>
								<line number="68" hits="8" branch="false"/>
								<line number="74" hits="8" branch="false"/>
								<line number="82" hits="8" branch="false"/>
								<line number="86" hits="8" branch="false"/>
								<line number="90" hits="8" branch="false"/>
								<line number="105" hits="8" branch="false"/>
								<line number="107" hits="8" branch="false"/>
								<line number="109" hits="8" branch="false"/>
								<line number="112" hits="8" branch="false"/>
								<line number="113" hits="8" branch="false"/>
								<line number="114" hits="8" branch="false"/>
								<line number="115" hits="8" branch="false"/>
								<line number="116" hits="8" branch="false"/>
								<line number="117" hits="8" branch="false"/>
								<line number="118" hits="8" branch="false"/>
							</lines>
						</method>
						<method name="&lt;init&gt;" signature="()V" line-rate="0.0" branch-rate="1.0" complexity="0">
							<lines>
								<line number="11" hits="0" branch="false"/>
							</lines>
						</method>
					</methods>
					<lines>
						<line number="11" hits="0" branch="false"/>
						<line number="17" hits="8" branch="false"/>
						<line number="21" hits="8" branch="false"/>
						<line number="23" hits="8" branch="false"/>
						<line number="25" hits="8" branch="false"/>
						<line number="30" hits="8" branch="false"/>
						<line number="32" hits="8" branch="false"/>
						<line number="34" hits="8" branch="false"/>
						<line number="36" hits="8" branch="false"/>
						<line number="38" hits="8" branch="false"/>
						<line number="42" hits="8" branch="false"/>
						<line number="46" hits="8" branch="false"/>
						<line number="50" hits="8" branch="false"/>
						<line number="54" hits="8" branch="false"/>
						<line number="62" hits="8" branch="false"/>
						<line number="66" hits="8" branch="false"/>
						<line number="68" hits="8" branch="false"/>
						<line number="74" hits="8" branch="false"/>
						<line number="82" hits="8" branch="false"/>
						<line number="86" hits="8" branch="false"/>
						<line number="90" hits="8" branch="false"/>
						<line number="105" hits="8" branch="false"/>
						<line number="107" hits="8" branch="false"/>
						<line number="109" hits="8" branch="false"/>
						<line number="112" hits="8" branch="false"/>
						<line number="113" hits="8" branch="false"/>
						<line number="114" hits="8" branch="false"/>
						<line number="115" hits="8" branch="false"/>
						<line number="116" hits="8" branch="false"/>
						<line number="117" hits="8" branch="false"/>
						<line number="118" hits="8" branch="false"/>
					</lines>
				</class>
			</classes>
		</package>
	</packages>
</coverage>
